androidApp/build/intermediates/manifest_merge_blame_file/debug/manifest-merger-blame-debug-report.txt
1<?xml version="1.0" encoding="utf-8"?>
2<manifest xmlns:android="http://schemas.android.com/apk/res/android"
3    package="com.yazantarifi.coina.android"
4    android:installLocation="preferExternal"
5    android:versionCode="1"
6    android:versionName="1.0" >
7
8    <uses-sdk
9        android:minSdkVersion="24"
9-->src/main/AndroidManifest.xml
10        android:targetSdkVersion="33" />
10-->src/main/AndroidManifest.xml
11
12    <uses-permission android:name="android.permission.ACCESS_NETWORK_STATE" />
12-->src/main/AndroidManifest.xml:6:5-79
12-->src/main/AndroidManifest.xml:6:22-76
13    <uses-permission android:name="android.permission.ACCESS_WIFI_STATE" />
13-->src/main/AndroidManifest.xml:7:5-76
13-->src/main/AndroidManifest.xml:7:22-73
14    <uses-permission android:name="android.permission.ACCESS_NETWORK_STATE" />
14-->src/main/AndroidManifest.xml:6:5-79
14-->src/main/AndroidManifest.xml:6:22-76
15    <uses-permission android:name="android.permission.INTERNET" />
15-->src/main/AndroidManifest.xml:9:5-67
15-->src/main/AndroidManifest.xml:9:22-64
16    <uses-permission
16-->src/main/AndroidManifest.xml:10:5-107
17        android:name="android.permission.READ_EXTERNAL_STORAGE"
17-->src/main/AndroidManifest.xml:10:22-77
18        android:maxSdkVersion="32" />
18-->src/main/AndroidManifest.xml:10:78-104
19    <uses-permission android:name="android.permission.WAKE_LOCK" /> <!-- Required by older versions of Google Play services to create IID tokens -->
19-->[com.google.firebase:firebase-messaging:23.0.4] AndroidManifest.xml:26:5-68
19-->[com.google.firebase:firebase-messaging:23.0.4] AndroidManifest.xml:26:22-65
20    <uses-permission android:name="com.google.android.c2dm.permission.RECEIVE" />
20-->[com.google.firebase:firebase-messaging:23.0.4] AndroidManifest.xml:28:5-82
20-->[com.google.firebase:firebase-messaging:23.0.4] AndroidManifest.xml:28:22-79
21    <uses-permission android:name="com.google.android.gms.permission.AD_ID" />
21-->[com.google.android.gms:play-services-measurement-api:21.0.0] AndroidManifest.xml:25:5-79
21-->[com.google.android.gms:play-services-measurement-api:21.0.0] AndroidManifest.xml:25:22-76
22    <uses-permission android:name="com.google.android.finsky.permission.BIND_GET_INSTALL_REFERRER_SERVICE" />
22-->[com.google.android.gms:play-services-measurement:21.0.0] AndroidManifest.xml:26:5-110
22-->[com.google.android.gms:play-services-measurement:21.0.0] AndroidManifest.xml:26:22-107
23
24    <application
24-->src/main/AndroidManifest.xml:12:5-45:19
25        android:name="com.yazantarifi.coina.android.CoinaApplication"
25-->src/main/AndroidManifest.xml:15:9-41
26        android:allowAudioPlaybackCapture="false"
26-->src/main/AndroidManifest.xml:20:9-50
27        android:allowBackup="false"
27-->src/main/AndroidManifest.xml:13:9-36
28        android:allowClearUserData="true"
28-->src/main/AndroidManifest.xml:21:9-42
29        android:appCategory="news"
29-->src/main/AndroidManifest.xml:26:9-35
30        android:appComponentFactory="androidx.core.app.CoreComponentFactory"
30-->[androidx.core:core:1.8.0] AndroidManifest.xml:24:18-86
31        android:debuggable="true"
32        android:extractNativeLibs="false"
33        android:hardwareAccelerated="true"
33-->src/main/AndroidManifest.xml:22:9-43
34        android:icon="@mipmap/ic_launcher"
34-->src/main/AndroidManifest.xml:16:9-43
35        android:label="@string/app_name"
35-->src/main/AndroidManifest.xml:18:9-41
36        android:largeHeap="true"
36-->src/main/AndroidManifest.xml:23:9-33
37        android:roundIcon="@mipmap/ic_launcher_round"
37-->src/main/AndroidManifest.xml:17:9-54
38        android:supportsRtl="true"
38-->src/main/AndroidManifest.xml:14:9-35
39        android:testOnly="true"
40        android:theme="@style/Theme.App"
40-->src/main/AndroidManifest.xml:19:9-41
41        android:usesCleartextTraffic="true" >
41-->src/main/AndroidManifest.xml:24:9-44
42        <activity
42-->src/main/AndroidManifest.xml:28:9-37:20
43            android:name="com.yazantarifi.coina.android.MainScreen"
43-->src/main/AndroidManifest.xml:29:13-39
44            android:exported="true"
44-->src/main/AndroidManifest.xml:32:13-36
45            android:screenOrientation="fullSensor"
45-->src/main/AndroidManifest.xml:31:13-51
46            android:theme="@style/Theme.MainScreen" >
46-->src/main/AndroidManifest.xml:30:13-52
47            <intent-filter>
47-->src/main/AndroidManifest.xml:33:13-36:29
48                <action android:name="android.intent.action.MAIN" />
48-->src/main/AndroidManifest.xml:34:17-69
48-->src/main/AndroidManifest.xml:34:25-66
49
50                <category android:name="android.intent.category.LAUNCHER" />
50-->src/main/AndroidManifest.xml:35:17-77
50-->src/main/AndroidManifest.xml:35:27-74
51            </intent-filter>
52        </activity>
53        <activity
53-->src/main/AndroidManifest.xml:39:9-40:53
54            android:name="com.yazantarifi.android.auth.LoginScreen"
54-->src/main/AndroidManifest.xml:39:19-74
55            android:screenOrientation="fullSensor" />
55-->src/main/AndroidManifest.xml:40:13-51
56        <activity
56-->src/main/AndroidManifest.xml:42:9-43:53
57            android:name="com.yazantarifi.android.home.HomeScreen"
57-->src/main/AndroidManifest.xml:42:19-73
58            android:screenOrientation="fullSensor" />
58-->src/main/AndroidManifest.xml:43:13-51
59        <activity
59-->[androidx.compose.ui:ui-tooling:1.2.0] AndroidManifest.xml:24:9-26:39
60            android:name="androidx.compose.ui.tooling.PreviewActivity"
60-->[androidx.compose.ui:ui-tooling:1.2.0] AndroidManifest.xml:25:13-71
61            android:exported="true" />
61-->[androidx.compose.ui:ui-tooling:1.2.0] AndroidManifest.xml:26:13-36
62
63        <uses-library
63-->[androidx.window:window:1.1.0-alpha02] AndroidManifest.xml:25:9-27:40
64            android:name="androidx.window.extensions"
64-->[androidx.window:window:1.1.0-alpha02] AndroidManifest.xml:26:13-54
65            android:required="false" />
65-->[androidx.window:window:1.1.0-alpha02] AndroidManifest.xml:27:13-37
66        <uses-library
66-->[androidx.window:window:1.1.0-alpha02] AndroidManifest.xml:28:9-30:40
67            android:name="androidx.window.sidecar"
67-->[androidx.window:window:1.1.0-alpha02] AndroidManifest.xml:29:13-51
68            android:required="false" />
68-->[androidx.window:window:1.1.0-alpha02] AndroidManifest.xml:30:13-37
69
70        <provider
70-->[io.realm.kotlin:library-base-android-debug:1.4.0] AndroidManifest.xml:27:9-35:20
71            android:name="androidx.startup.InitializationProvider"
71-->[io.realm.kotlin:library-base-android-debug:1.4.0] AndroidManifest.xml:28:13-67
72            android:authorities="com.yazantarifi.coina.android.androidx-startup"
72-->[io.realm.kotlin:library-base-android-debug:1.4.0] AndroidManifest.xml:29:13-68
73            android:exported="false" >
73-->[io.realm.kotlin:library-base-android-debug:1.4.0] AndroidManifest.xml:30:13-37
74            <meta-data
74-->[io.realm.kotlin:library-base-android-debug:1.4.0] AndroidManifest.xml:32:13-34:52
75                android:name="io.realm.kotlin.internal.platform.RealmInitializer"
75-->[io.realm.kotlin:library-base-android-debug:1.4.0] AndroidManifest.xml:33:17-82
76                android:value="androidx.startup" />
76-->[io.realm.kotlin:library-base-android-debug:1.4.0] AndroidManifest.xml:34:17-49
77            <meta-data
77-->[androidx.profileinstaller:profileinstaller:1.2.0] AndroidManifest.xml:30:13-32:52
78                android:name="androidx.profileinstaller.ProfileInstallerInitializer"
78-->[androidx.profileinstaller:profileinstaller:1.2.0] AndroidManifest.xml:31:17-85
79                android:value="androidx.startup" />
79-->[androidx.profileinstaller:profileinstaller:1.2.0] AndroidManifest.xml:32:17-49
80            <meta-data
80-->[androidx.emoji2:emoji2:1.2.0] AndroidManifest.xml:29:13-31:52
81                android:name="androidx.emoji2.text.EmojiCompatInitializer"
81-->[androidx.emoji2:emoji2:1.2.0] AndroidManifest.xml:30:17-75
82                android:value="androidx.startup" />
82-->[androidx.emoji2:emoji2:1.2.0] AndroidManifest.xml:31:17-49
83            <meta-data
83-->[androidx.lifecycle:lifecycle-process:2.4.1] AndroidManifest.xml:31:13-33:52
84                android:name="androidx.lifecycle.ProcessLifecycleInitializer"
84-->[androidx.lifecycle:lifecycle-process:2.4.1] AndroidManifest.xml:32:17-78
85                android:value="androidx.startup" />
85-->[androidx.lifecycle:lifecycle-process:2.4.1] AndroidManifest.xml:33:17-49
86        </provider>
87
88        <service
88-->[com.google.firebase:firebase-perf-ktx:20.0.6] AndroidManifest.xml:12:9-18:19
89            android:name="com.google.firebase.components.ComponentDiscoveryService"
89-->[com.google.firebase:firebase-perf-ktx:20.0.6] AndroidManifest.xml:13:13-84
90            android:directBootAware="true"
90-->[com.google.firebase:firebase-common:20.1.1] AndroidManifest.xml:35:13-43
91            android:exported="false" >
91-->[com.google.firebase:firebase-perf-ktx:20.0.6] AndroidManifest.xml:14:13-37
92            <meta-data
92-->[com.google.firebase:firebase-perf-ktx:20.0.6] AndroidManifest.xml:15:13-17:85
93                android:name="com.google.firebase.components:com.google.firebase.perf.ktx.FirebasePerfKtxRegistrar"
93-->[com.google.firebase:firebase-perf-ktx:20.0.6] AndroidManifest.xml:16:17-116
94                android:value="com.google.firebase.components.ComponentRegistrar" />
94-->[com.google.firebase:firebase-perf-ktx:20.0.6] AndroidManifest.xml:17:17-82
95            <meta-data
95-->[com.google.firebase:firebase-perf:20.0.6] AndroidManifest.xml:23:13-25:85
96                android:name="com.google.firebase.components:com.google.firebase.perf.FirebasePerfRegistrar"
96-->[com.google.firebase:firebase-perf:20.0.6] AndroidManifest.xml:24:17-109
97                android:value="com.google.firebase.components.ComponentRegistrar" />
97-->[com.google.firebase:firebase-perf:20.0.6] AndroidManifest.xml:25:17-82
98            <meta-data
98-->[com.google.firebase:firebase-messaging:23.0.4] AndroidManifest.xml:55:13-57:85
99                android:name="com.google.firebase.components:com.google.firebase.messaging.FirebaseMessagingRegistrar"
99-->[com.google.firebase:firebase-messaging:23.0.4] AndroidManifest.xml:56:17-119
100                android:value="com.google.firebase.components.ComponentRegistrar" />
100-->[com.google.firebase:firebase-messaging:23.0.4] AndroidManifest.xml:57:17-82
101            <meta-data
101-->[com.google.firebase:firebase-functions-ktx:20.1.0] AndroidManifest.xml:15:13-17:85
102                android:name="com.google.firebase.components:com.google.firebase.functions.ktx.FirebaseFunctionsKtxRegistrar"
102-->[com.google.firebase:firebase-functions-ktx:20.1.0] AndroidManifest.xml:16:17-126
103                android:value="com.google.firebase.components.ComponentRegistrar" />
103-->[com.google.firebase:firebase-functions-ktx:20.1.0] AndroidManifest.xml:17:17-82
104            <meta-data
104-->[com.google.firebase:firebase-functions:20.1.0] AndroidManifest.xml:18:13-20:85
105                android:name="com.google.firebase.components:com.google.firebase.functions.FunctionsRegistrar"
105-->[com.google.firebase:firebase-functions:20.1.0] AndroidManifest.xml:19:17-111
106                android:value="com.google.firebase.components.ComponentRegistrar" />
106-->[com.google.firebase:firebase-functions:20.1.0] AndroidManifest.xml:20:17-82
107            <meta-data
107-->[com.google.firebase:firebase-config:21.1.0] AndroidManifest.xml:32:13-34:85
108                android:name="com.google.firebase.components:com.google.firebase.remoteconfig.RemoteConfigRegistrar"
108-->[com.google.firebase:firebase-config:21.1.0] AndroidManifest.xml:33:17-117
109                android:value="com.google.firebase.components.ComponentRegistrar" />
109-->[com.google.firebase:firebase-config:21.1.0] AndroidManifest.xml:34:17-82
110            <meta-data
110-->[com.google.firebase:firebase-crashlytics-ktx:18.2.10] AndroidManifest.xml:27:13-29:85
111                android:name="com.google.firebase.components:com.google.firebase.crashlytics.ktx.FirebaseCrashlyticsKtxRegistrar"
111-->[com.google.firebase:firebase-crashlytics-ktx:18.2.10] AndroidManifest.xml:28:17-130
112                android:value="com.google.firebase.components.ComponentRegistrar" />
112-->[com.google.firebase:firebase-crashlytics-ktx:18.2.10] AndroidManifest.xml:29:17-82
113            <meta-data
113-->[com.google.firebase:firebase-analytics-ktx:21.0.0] AndroidManifest.xml:11:13-13:85
114                android:name="com.google.firebase.components:com.google.firebase.analytics.ktx.FirebaseAnalyticsKtxRegistrar"
114-->[com.google.firebase:firebase-analytics-ktx:21.0.0] AndroidManifest.xml:12:17-126
115                android:value="com.google.firebase.components.ComponentRegistrar" />
115-->[com.google.firebase:firebase-analytics-ktx:21.0.0] AndroidManifest.xml:13:17-82
116            <meta-data
116-->[com.google.firebase:firebase-common-ktx:20.1.1] AndroidManifest.xml:15:13-17:85
117                android:name="com.google.firebase.components:com.google.firebase.ktx.FirebaseCommonKtxRegistrar"
117-->[com.google.firebase:firebase-common-ktx:20.1.1] AndroidManifest.xml:16:17-113
118                android:value="com.google.firebase.components.ComponentRegistrar" />
118-->[com.google.firebase:firebase-common-ktx:20.1.1] AndroidManifest.xml:17:17-82
119            <meta-data
119-->[com.google.firebase:firebase-crashlytics:18.2.10] AndroidManifest.xml:18:13-20:85
120                android:name="com.google.firebase.components:com.google.firebase.crashlytics.CrashlyticsRegistrar"
120-->[com.google.firebase:firebase-crashlytics:18.2.10] AndroidManifest.xml:19:17-115
121                android:value="com.google.firebase.components.ComponentRegistrar" />
121-->[com.google.firebase:firebase-crashlytics:18.2.10] AndroidManifest.xml:20:17-82
122            <meta-data
122-->[com.google.firebase:firebase-abt:21.0.1] AndroidManifest.xml:13:13-15:85
123                android:name="com.google.firebase.components:com.google.firebase.abt.component.AbtRegistrar"
123-->[com.google.firebase:firebase-abt:21.0.1] AndroidManifest.xml:14:17-109
124                android:value="com.google.firebase.components.ComponentRegistrar" />
124-->[com.google.firebase:firebase-abt:21.0.1] AndroidManifest.xml:15:17-82
125            <meta-data
125-->[com.google.firebase:firebase-iid:21.1.0] AndroidManifest.xml:32:13-34:85
126                android:name="com.google.firebase.components:com.google.firebase.iid.Registrar"
126-->[com.google.firebase:firebase-iid:21.1.0] AndroidManifest.xml:33:17-96
127                android:value="com.google.firebase.components.ComponentRegistrar" />
127-->[com.google.firebase:firebase-iid:21.1.0] AndroidManifest.xml:34:17-82
128            <meta-data
128-->[com.google.android.gms:play-services-measurement-api:21.0.0] AndroidManifest.xml:31:13-33:85
129                android:name="com.google.firebase.components:com.google.firebase.analytics.connector.internal.AnalyticsConnectorRegistrar"
129-->[com.google.android.gms:play-services-measurement-api:21.0.0] AndroidManifest.xml:32:17-139
130                android:value="com.google.firebase.components.ComponentRegistrar" />
130-->[com.google.android.gms:play-services-measurement-api:21.0.0] AndroidManifest.xml:33:17-82
131            <meta-data
131-->[com.google.firebase:firebase-installations:17.0.1] AndroidManifest.xml:18:13-20:85
132                android:name="com.google.firebase.components:com.google.firebase.installations.FirebaseInstallationsRegistrar"
132-->[com.google.firebase:firebase-installations:17.0.1] AndroidManifest.xml:19:17-127
133                android:value="com.google.firebase.components.ComponentRegistrar" />
133-->[com.google.firebase:firebase-installations:17.0.1] AndroidManifest.xml:20:17-82
134            <meta-data
134-->[com.google.firebase:firebase-datatransport:18.1.3] AndroidManifest.xml:28:13-30:85
135                android:name="com.google.firebase.components:com.google.firebase.datatransport.TransportRegistrar"
135-->[com.google.firebase:firebase-datatransport:18.1.3] AndroidManifest.xml:29:17-115
136                android:value="com.google.firebase.components.ComponentRegistrar" />
136-->[com.google.firebase:firebase-datatransport:18.1.3] AndroidManifest.xml:30:17-82
137        </service>
138
139        <provider
139-->[com.google.firebase:firebase-perf:20.0.6] AndroidManifest.xml:14:9-18:39
140            android:name="com.google.firebase.perf.provider.FirebasePerfProvider"
140-->[com.google.firebase:firebase-perf:20.0.6] AndroidManifest.xml:15:13-82
141            android:authorities="com.yazantarifi.coina.android.firebaseperfprovider"
141-->[com.google.firebase:firebase-perf:20.0.6] AndroidManifest.xml:16:13-72
142            android:exported="false"
142-->[com.google.firebase:firebase-perf:20.0.6] AndroidManifest.xml:17:13-37
143            android:initOrder="101" />
143-->[com.google.firebase:firebase-perf:20.0.6] AndroidManifest.xml:18:13-36
144
145        <receiver
145-->[com.google.firebase:firebase-messaging:23.0.4] AndroidManifest.xml:31:9-38:20
146            android:name="com.google.firebase.iid.FirebaseInstanceIdReceiver"
146-->[com.google.firebase:firebase-messaging:23.0.4] AndroidManifest.xml:32:13-78
147            android:exported="true"
147-->[com.google.firebase:firebase-messaging:23.0.4] AndroidManifest.xml:33:13-36
148            android:permission="com.google.android.c2dm.permission.SEND" >
148-->[com.google.firebase:firebase-messaging:23.0.4] AndroidManifest.xml:34:13-73
149            <intent-filter>
149-->[com.google.firebase:firebase-messaging:23.0.4] AndroidManifest.xml:35:13-37:29
150                <action android:name="com.google.android.c2dm.intent.RECEIVE" />
150-->[com.google.firebase:firebase-messaging:23.0.4] AndroidManifest.xml:36:17-81
150-->[com.google.firebase:firebase-messaging:23.0.4] AndroidManifest.xml:36:25-78
151            </intent-filter>
152        </receiver>
153        <!--
154             FirebaseMessagingService performs security checks at runtime,
155             but set to not exported to explicitly avoid allowing another app to call it.
156        -->
157        <service
157-->[com.google.firebase:firebase-messaging:23.0.4] AndroidManifest.xml:44:9-51:19
158            android:name="com.google.firebase.messaging.FirebaseMessagingService"
158-->[com.google.firebase:firebase-messaging:23.0.4] AndroidManifest.xml:45:13-82
159            android:directBootAware="true"
159-->[com.google.firebase:firebase-messaging:23.0.4] AndroidManifest.xml:46:13-43
160            android:exported="false" >
160-->[com.google.firebase:firebase-messaging:23.0.4] AndroidManifest.xml:47:13-37
161            <intent-filter android:priority="-500" >
161-->[com.google.firebase:firebase-messaging:23.0.4] AndroidManifest.xml:48:13-50:29
161-->[com.google.firebase:firebase-messaging:23.0.4] AndroidManifest.xml:48:28-51
162                <action android:name="com.google.firebase.MESSAGING_EVENT" />
162-->[com.google.firebase:firebase-messaging:23.0.4] AndroidManifest.xml:49:17-78
162-->[com.google.firebase:firebase-messaging:23.0.4] AndroidManifest.xml:49:25-75
163            </intent-filter>
164        </service>
165
166        <activity
166-->[com.google.android.gms:play-services-base:18.0.1] AndroidManifest.xml:20:9-22:45
167            android:name="com.google.android.gms.common.api.GoogleApiActivity"
167-->[com.google.android.gms:play-services-base:18.0.1] AndroidManifest.xml:20:19-85
168            android:exported="false"
168-->[com.google.android.gms:play-services-base:18.0.1] AndroidManifest.xml:22:19-43
169            android:theme="@android:style/Theme.Translucent.NoTitleBar" />
169-->[com.google.android.gms:play-services-base:18.0.1] AndroidManifest.xml:21:19-78
170
171        <provider
171-->[com.google.firebase:firebase-common:20.1.1] AndroidManifest.xml:26:9-31:39
172            android:name="com.google.firebase.provider.FirebaseInitProvider"
172-->[com.google.firebase:firebase-common:20.1.1] AndroidManifest.xml:27:13-77
173            android:authorities="com.yazantarifi.coina.android.firebaseinitprovider"
173-->[com.google.firebase:firebase-common:20.1.1] AndroidManifest.xml:28:13-72
174            android:directBootAware="true"
174-->[com.google.firebase:firebase-common:20.1.1] AndroidManifest.xml:29:13-43
175            android:exported="false"
175-->[com.google.firebase:firebase-common:20.1.1] AndroidManifest.xml:30:13-37
176            android:initOrder="100" />
176-->[com.google.firebase:firebase-common:20.1.1] AndroidManifest.xml:31:13-36
177
178        <receiver
178-->[com.google.android.gms:play-services-measurement:21.0.0] AndroidManifest.xml:29:9-33:20
179            android:name="com.google.android.gms.measurement.AppMeasurementReceiver"
179-->[com.google.android.gms:play-services-measurement:21.0.0] AndroidManifest.xml:30:13-85
180            android:enabled="true"
180-->[com.google.android.gms:play-services-measurement:21.0.0] AndroidManifest.xml:31:13-35
181            android:exported="false" >
181-->[com.google.android.gms:play-services-measurement:21.0.0] AndroidManifest.xml:32:13-37
182        </receiver>
183
184        <service
184-->[com.google.android.gms:play-services-measurement:21.0.0] AndroidManifest.xml:35:9-38:40
185            android:name="com.google.android.gms.measurement.AppMeasurementService"
185-->[com.google.android.gms:play-services-measurement:21.0.0] AndroidManifest.xml:36:13-84
186            android:enabled="true"
186-->[com.google.android.gms:play-services-measurement:21.0.0] AndroidManifest.xml:37:13-35
187            android:exported="false" />
187-->[com.google.android.gms:play-services-measurement:21.0.0] AndroidManifest.xml:38:13-37
188        <service
188-->[com.google.android.gms:play-services-measurement:21.0.0] AndroidManifest.xml:39:9-43:72
189            android:name="com.google.android.gms.measurement.AppMeasurementJobService"
189-->[com.google.android.gms:play-services-measurement:21.0.0] AndroidManifest.xml:40:13-87
190            android:enabled="true"
190-->[com.google.android.gms:play-services-measurement:21.0.0] AndroidManifest.xml:41:13-35
191            android:exported="false"
191-->[com.google.android.gms:play-services-measurement:21.0.0] AndroidManifest.xml:42:13-37
192            android:permission="android.permission.BIND_JOB_SERVICE" />
192-->[com.google.android.gms:play-services-measurement:21.0.0] AndroidManifest.xml:43:13-69
193
194        <meta-data
194-->[com.google.android.gms:play-services-basement:18.0.0] AndroidManifest.xml:21:9-23:69
195            android:name="com.google.android.gms.version"
195-->[com.google.android.gms:play-services-basement:18.0.0] AndroidManifest.xml:22:13-58
196            android:value="@integer/google_play_services_version" />
196-->[com.google.android.gms:play-services-basement:18.0.0] AndroidManifest.xml:23:13-66
197
198        <service
198-->[com.google.android.datatransport:transport-backend-cct:3.1.4] AndroidManifest.xml:29:9-35:19
199            android:name="com.google.android.datatransport.runtime.backends.TransportBackendDiscovery"
199-->[com.google.android.datatransport:transport-backend-cct:3.1.4] AndroidManifest.xml:30:13-103
200            android:exported="false" >
200-->[com.google.android.datatransport:transport-backend-cct:3.1.4] AndroidManifest.xml:31:13-37
201            <meta-data
201-->[com.google.android.datatransport:transport-backend-cct:3.1.4] AndroidManifest.xml:32:13-34:39
202                android:name="backend:com.google.android.datatransport.cct.CctBackendFactory"
202-->[com.google.android.datatransport:transport-backend-cct:3.1.4] AndroidManifest.xml:33:17-94
203                android:value="cct" />
203-->[com.google.android.datatransport:transport-backend-cct:3.1.4] AndroidManifest.xml:34:17-36
204        </service>
205        <service
205-->[com.google.android.datatransport:transport-runtime:3.1.4] AndroidManifest.xml:26:9-30:19
206            android:name="com.google.android.datatransport.runtime.scheduling.jobscheduling.JobInfoSchedulerService"
206-->[com.google.android.datatransport:transport-runtime:3.1.4] AndroidManifest.xml:27:13-117
207            android:exported="false"
207-->[com.google.android.datatransport:transport-runtime:3.1.4] AndroidManifest.xml:28:13-37
208            android:permission="android.permission.BIND_JOB_SERVICE" >
208-->[com.google.android.datatransport:transport-runtime:3.1.4] AndroidManifest.xml:29:13-69
209        </service>
210
211        <receiver
211-->[com.google.android.datatransport:transport-runtime:3.1.4] AndroidManifest.xml:32:9-34:40
212            android:name="com.google.android.datatransport.runtime.scheduling.jobscheduling.AlarmManagerSchedulerBroadcastReceiver"
212-->[com.google.android.datatransport:transport-runtime:3.1.4] AndroidManifest.xml:33:13-132
213            android:exported="false" />
213-->[com.google.android.datatransport:transport-runtime:3.1.4] AndroidManifest.xml:34:13-37
214        <receiver
214-->[androidx.profileinstaller:profileinstaller:1.2.0] AndroidManifest.xml:35:9-47:20
215            android:name="androidx.profileinstaller.ProfileInstallReceiver"
215-->[androidx.profileinstaller:profileinstaller:1.2.0] AndroidManifest.xml:36:13-76
216            android:directBootAware="false"
216-->[androidx.profileinstaller:profileinstaller:1.2.0] AndroidManifest.xml:37:13-44
217            android:enabled="true"
217-->[androidx.profileinstaller:profileinstaller:1.2.0] AndroidManifest.xml:38:13-35
218            android:exported="true"
218-->[androidx.profileinstaller:profileinstaller:1.2.0] AndroidManifest.xml:39:13-36
219            android:permission="android.permission.DUMP" >
219-->[androidx.profileinstaller:profileinstaller:1.2.0] AndroidManifest.xml:40:13-57
220            <intent-filter>
220-->[androidx.profileinstaller:profileinstaller:1.2.0] AndroidManifest.xml:41:13-43:29
221                <action android:name="androidx.profileinstaller.action.INSTALL_PROFILE" />
221-->[androidx.profileinstaller:profileinstaller:1.2.0] AndroidManifest.xml:42:17-91
221-->[androidx.profileinstaller:profileinstaller:1.2.0] AndroidManifest.xml:42:25-88
222            </intent-filter>
223            <intent-filter>
223-->[androidx.profileinstaller:profileinstaller:1.2.0] AndroidManifest.xml:44:13-46:29
224                <action android:name="androidx.profileinstaller.action.SKIP_FILE" />
224-->[androidx.profileinstaller:profileinstaller:1.2.0] AndroidManifest.xml:45:17-85
224-->[androidx.profileinstaller:profileinstaller:1.2.0] AndroidManifest.xml:45:25-82
225            </intent-filter>
226        </receiver>
227    </application>
228
229</manifest>